build/app/intermediates/manifest_merge_blame_file/release/manifest-merger-blame-release-report.txt
1<?xml version="1.0" encoding="utf-8"?>
2<manifest xmlns:android="http://schemas.android.com/apk/res/android"
3    package="com.flyweis.we_fast"
4    android:versionCode="1"
5    android:versionName="1.0.0" >
6
7    <uses-sdk
8        android:minSdkVersion="20"
8-->src\main\AndroidManifest.xml
9        android:targetSdkVersion="31" />
9-->src\main\AndroidManifest.xml
10
11    <uses-permission android:name="android.permission.INTERNET" />
11-->src\main\AndroidManifest.xml:3:5-67
11-->src\main\AndroidManifest.xml:3:22-64
12    <uses-permission android:name="android.permission.WAKE_LOCK" />
12-->src\main\AndroidManifest.xml:4:5-67
12-->src\main\AndroidManifest.xml:4:22-65
13    <uses-permission android:name="android.permission.READ_CONTACTS" />
13-->src\main\AndroidManifest.xml:5:5-71
13-->src\main\AndroidManifest.xml:5:22-69
14    <uses-permission android:name="android.permission.WRITE_CONTACTS" />
14-->src\main\AndroidManifest.xml:6:5-72
14-->src\main\AndroidManifest.xml:6:22-70
15    <uses-permission android:name="android.permission.WRITE_EXTERNAL_STORAGE" />
15-->[:flutter_share_me] AndroidManifest.xml:8:5-81
15-->[:flutter_share_me] AndroidManifest.xml:8:22-78
16
17    <queries>
17-->[:flutter_share_me] AndroidManifest.xml:10:5-12:15
18        <package android:name="com.instagram.android" />
18-->[:flutter_share_me] AndroidManifest.xml:11:9-57
18-->[:flutter_share_me] AndroidManifest.xml:11:18-54
19
20        <intent>
20-->[:contacts_service] AndroidManifest.xml:12:9-14:18
21            <action android:name="android.accounts.AccountAuthenticator" />
21-->[:contacts_service] AndroidManifest.xml:13:13-76
21-->[:contacts_service] AndroidManifest.xml:13:21-73
22        </intent> <!-- Allows the app to load an icon corresponding to the custom MIME type. -->
23        <intent>
23-->[:contacts_service] AndroidManifest.xml:16:9-23:18
24            <action android:name="android.intent.action.VIEW" />
24-->[:contacts_service] AndroidManifest.xml:17:13-65
24-->[:contacts_service] AndroidManifest.xml:17:21-62
25
26            <data
26-->[:contacts_service] AndroidManifest.xml:19:13-22:44
27                android:host="com.android.contacts"
27-->[:contacts_service] AndroidManifest.xml:20:17-52
28                android:mimeType="vnd.android.cursor.item/*"
28-->[:contacts_service] AndroidManifest.xml:21:17-61
29                android:scheme="content" />
29-->[:contacts_service] AndroidManifest.xml:22:17-41
30        </intent>
31        <intent>
31-->[com.razorpay:checkout:1.6.19] AndroidManifest.xml:12:9-18:18
32            <action android:name="android.intent.action.VIEW" />
32-->[:contacts_service] AndroidManifest.xml:17:13-65
32-->[:contacts_service] AndroidManifest.xml:17:21-62
33
34            <data
34-->[:contacts_service] AndroidManifest.xml:19:13-22:44
35                android:mimeType="*/*"
35-->[:contacts_service] AndroidManifest.xml:21:17-61
36                android:scheme="*" />
36-->[:contacts_service] AndroidManifest.xml:22:17-41
37        </intent>
38        <intent>
38-->[com.razorpay:checkout:1.6.19] AndroidManifest.xml:19:9-28:18
39            <action android:name="android.intent.action.VIEW" />
39-->[:contacts_service] AndroidManifest.xml:17:13-65
39-->[:contacts_service] AndroidManifest.xml:17:21-62
40
41            <category android:name="android.intent.category.BROWSABLE" />
41-->[com.razorpay:checkout:1.6.19] AndroidManifest.xml:22:13-74
41-->[com.razorpay:checkout:1.6.19] AndroidManifest.xml:22:23-71
42
43            <data
43-->[:contacts_service] AndroidManifest.xml:19:13-22:44
44                android:host="pay"
44-->[:contacts_service] AndroidManifest.xml:20:17-52
45                android:mimeType="*/*"
45-->[:contacts_service] AndroidManifest.xml:21:17-61
46                android:scheme="upi" />
46-->[:contacts_service] AndroidManifest.xml:22:17-41
47        </intent>
48        <intent>
48-->[com.razorpay:checkout:1.6.19] AndroidManifest.xml:29:9-31:18
49            <action android:name="android.intent.action.MAIN" />
49-->src\main\AndroidManifest.xml:33:17-68
49-->src\main\AndroidManifest.xml:33:25-66
50        </intent>
51        <intent>
51-->[com.razorpay:checkout:1.6.19] AndroidManifest.xml:32:9-36:18
52            <action android:name="android.intent.action.SEND" />
52-->[com.razorpay:checkout:1.6.19] AndroidManifest.xml:33:13-65
52-->[com.razorpay:checkout:1.6.19] AndroidManifest.xml:33:21-62
53
54            <data android:mimeType="*/*" />
54-->[:contacts_service] AndroidManifest.xml:19:13-22:44
54-->[:contacts_service] AndroidManifest.xml:21:17-61
55        </intent> <!-- Needs to be explicitly declared on Android R+ -->
56        <package android:name="com.google.android.apps.maps" />
56-->[com.google.android.gms:play-services-maps:18.0.2] AndroidManifest.xml:33:9-64
56-->[com.google.android.gms:play-services-maps:18.0.2] AndroidManifest.xml:33:18-61
57    </queries>
58
59    <uses-permission android:name="android.permission.READ_EXTERNAL_STORAGE" /> <!-- Include required permissions for Google Maps API to run. -->
60    <uses-permission android:name="android.permission.ACCESS_NETWORK_STATE" />
60-->[com.google.android.gms:play-services-maps:18.0.2] AndroidManifest.xml:23:5-79
60-->[com.google.android.gms:play-services-maps:18.0.2] AndroidManifest.xml:23:22-76
61
62    <uses-feature
62-->[com.google.android.gms:play-services-maps:18.0.2] AndroidManifest.xml:26:5-28:35
63        android:glEsVersion="0x00020000"
63-->[com.google.android.gms:play-services-maps:18.0.2] AndroidManifest.xml:27:9-41
64        android:required="true" />
64-->[com.google.android.gms:play-services-maps:18.0.2] AndroidManifest.xml:28:9-32
65
66    <uses-permission android:name="com.google.android.finsky.permission.BIND_GET_INSTALL_REFERRER_SERVICE" />
66-->[com.android.installreferrer:installreferrer:1.0] AndroidManifest.xml:9:5-110
66-->[com.android.installreferrer:installreferrer:1.0] AndroidManifest.xml:9:22-107
67
68    <application
69        android:name="android.app.Application"
69-->src\main\AndroidManifest.xml:11:9-42
70        android:appComponentFactory="androidx.core.app.CoreComponentFactory"
70-->[androidx.core:core:1.8.0] AndroidManifest.xml:24:18-86
71        android:icon="@mipmap/ic_launcher"
71-->src\main\AndroidManifest.xml:12:9-43
72        android:label="we_fast"
72-->src\main\AndroidManifest.xml:10:9-32
73        android:supportsRtl="true" >
73-->[com.facebook.android:facebook-share:5.15.3] AndroidManifest.xml:28:18-44
74        <meta-data
74-->src\main\AndroidManifest.xml:13:10-14:70
75            android:name="com.google.android.geo.API_KEY"
75-->src\main\AndroidManifest.xml:13:21-66
76            android:value="AIzaSyDQ__1W3C2GYf95cWNIN9g3AjPbgpFaev0" />
76-->src\main\AndroidManifest.xml:14:13-68
77
78        <activity
78-->src\main\AndroidManifest.xml:15:9-36:20
79            android:name="com.flyweis.we_fast.MainActivity"
79-->src\main\AndroidManifest.xml:16:13-41
80            android:configChanges="orientation|keyboardHidden|keyboard|screenSize|smallestScreenSize|locale|layoutDirection|fontScale|screenLayout|density|uiMode"
80-->src\main\AndroidManifest.xml:20:13-163
81            android:exported="true"
81-->src\main\AndroidManifest.xml:17:13-36
82            android:hardwareAccelerated="true"
82-->src\main\AndroidManifest.xml:21:13-47
83            android:launchMode="singleTop"
83-->src\main\AndroidManifest.xml:18:13-43
84            android:theme="@style/LaunchTheme"
84-->src\main\AndroidManifest.xml:19:13-47
85            android:windowSoftInputMode="adjustResize" >
85-->src\main\AndroidManifest.xml:22:13-55
86
87            <!--
88                 Specifies an Android theme to apply to this Activity as soon as
89                 the Android process has started. This theme is visible to the user
90                 while the Flutter UI initializes. After that, this theme continues
91                 to determine the Window background behind the Flutter UI.
92            -->
93            <meta-data
93-->src\main\AndroidManifest.xml:27:13-30:17
94                android:name="io.flutter.embedding.android.NormalTheme"
94-->src\main\AndroidManifest.xml:28:15-70
95                android:resource="@style/NormalTheme" />
95-->src\main\AndroidManifest.xml:29:15-52
96
97            <intent-filter>
97-->src\main\AndroidManifest.xml:32:13-35:29
98                <action android:name="android.intent.action.MAIN" />
98-->src\main\AndroidManifest.xml:33:17-68
98-->src\main\AndroidManifest.xml:33:25-66
99
100                <category android:name="android.intent.category.LAUNCHER" />
100-->src\main\AndroidManifest.xml:34:17-76
100-->src\main\AndroidManifest.xml:34:27-74
101            </intent-filter>
102        </activity>
103        <activity
103-->src\main\AndroidManifest.xml:37:9-40:71
104            android:name="com.yalantis.ucrop.UCropActivity"
104-->src\main\AndroidManifest.xml:38:13-60
105            android:screenOrientation="portrait"
105-->src\main\AndroidManifest.xml:39:13-49
106            android:theme="@style/Theme.AppCompat.Light.NoActionBar" />
106-->src\main\AndroidManifest.xml:40:13-69
107        <!--
108             Don't delete the meta-data below.
109             This is used by the Flutter tool to generate GeneratedPluginRegistrant.java
110        -->
111        <meta-data
111-->src\main\AndroidManifest.xml:43:9-45:33
112            android:name="flutterEmbedding"
112-->src\main\AndroidManifest.xml:44:13-44
113            android:value="2" />
113-->src\main\AndroidManifest.xml:45:13-30
114
115        <provider
115-->[:flutter_share_me] AndroidManifest.xml:15:9-23:20
116            android:name="zhuoyuan.li.fluttershareme.util.ShareFileProvider"
116-->[:flutter_share_me] AndroidManifest.xml:16:13-77
117            android:authorities="com.flyweis.we_fast.provider"
117-->[:flutter_share_me] AndroidManifest.xml:17:13-60
118            android:exported="false"
118-->[:flutter_share_me] AndroidManifest.xml:18:13-37
119            android:grantUriPermissions="true" >
119-->[:flutter_share_me] AndroidManifest.xml:19:13-47
120            <meta-data
120-->[:flutter_share_me] AndroidManifest.xml:20:13-22:54
121                android:name="android.support.FILE_PROVIDER_PATHS"
121-->[:flutter_share_me] AndroidManifest.xml:21:17-67
122                android:resource="@xml/file_paths" />
122-->[:flutter_share_me] AndroidManifest.xml:22:17-51
123        </provider>
124        <provider
124-->[:image_picker_android] AndroidManifest.xml:8:9-16:20
125            android:name="io.flutter.plugins.imagepicker.ImagePickerFileProvider"
125-->[:image_picker_android] AndroidManifest.xml:9:13-82
126            android:authorities="com.flyweis.we_fast.flutter.image_provider"
126-->[:image_picker_android] AndroidManifest.xml:10:13-74
127            android:exported="false"
127-->[:image_picker_android] AndroidManifest.xml:11:13-37
128            android:grantUriPermissions="true" >
128-->[:image_picker_android] AndroidManifest.xml:12:13-47
129            <meta-data
129-->[:flutter_share_me] AndroidManifest.xml:20:13-22:54
130                android:name="android.support.FILE_PROVIDER_PATHS"
130-->[:flutter_share_me] AndroidManifest.xml:21:17-67
131                android:resource="@xml/flutter_image_picker_file_paths" />
131-->[:flutter_share_me] AndroidManifest.xml:22:17-51
132        </provider>
133
134        <uses-library
134-->[androidx.window:window:1.0.0-beta04] AndroidManifest.xml:25:9-27:40
135            android:name="androidx.window.extensions"
135-->[androidx.window:window:1.0.0-beta04] AndroidManifest.xml:26:13-54
136            android:required="false" />
136-->[androidx.window:window:1.0.0-beta04] AndroidManifest.xml:27:13-37
137        <uses-library
137-->[androidx.window:window:1.0.0-beta04] AndroidManifest.xml:28:9-30:40
138            android:name="androidx.window.sidecar"
138-->[androidx.window:window:1.0.0-beta04] AndroidManifest.xml:29:13-51
139            android:required="false" />
139-->[androidx.window:window:1.0.0-beta04] AndroidManifest.xml:30:13-37
140
141        <receiver
141-->[com.razorpay:checkout:1.6.19] AndroidManifest.xml:40:9-46:20
142            android:name="com.razorpay.RzpTokenReceiver"
142-->[com.razorpay:checkout:1.6.19] AndroidManifest.xml:41:13-57
143            android:exported="false" >
143-->[com.razorpay:checkout:1.6.19] AndroidManifest.xml:42:13-37
144            <intent-filter>
144-->[com.razorpay:checkout:1.6.19] AndroidManifest.xml:43:13-45:29
145                <action android:name="rzp.device_token.share" />
145-->[com.razorpay:checkout:1.6.19] AndroidManifest.xml:44:17-65
145-->[com.razorpay:checkout:1.6.19] AndroidManifest.xml:44:25-62
146            </intent-filter>
147        </receiver>
148
149        <activity
149-->[com.razorpay:checkout:1.6.19] AndroidManifest.xml:48:9-60:20
150            android:name="com.razorpay.CheckoutActivity"
150-->[com.razorpay:checkout:1.6.19] AndroidManifest.xml:49:13-57
151            android:configChanges="keyboard|keyboardHidden|orientation|screenSize"
151-->[com.razorpay:checkout:1.6.19] AndroidManifest.xml:50:13-83
152            android:exported="true"
152-->[com.razorpay:checkout:1.6.19] AndroidManifest.xml:51:13-36
153            android:theme="@style/CheckoutTheme" >
153-->[com.razorpay:checkout:1.6.19] AndroidManifest.xml:52:13-49
154            <intent-filter>
154-->[com.razorpay:checkout:1.6.19] AndroidManifest.xml:53:13-59:29
155                <action android:name="android.intent.action.MAIN" />
155-->src\main\AndroidManifest.xml:33:17-68
155-->src\main\AndroidManifest.xml:33:25-66
156
157                <data
157-->[:contacts_service] AndroidManifest.xml:19:13-22:44
158                    android:host="rzp.io"
158-->[:contacts_service] AndroidManifest.xml:20:17-52
159                    android:scheme="io.rzp" />
159-->[:contacts_service] AndroidManifest.xml:22:17-41
160            </intent-filter>
161        </activity>
162
163        <meta-data
163-->[com.razorpay:checkout:1.6.19] AndroidManifest.xml:62:9-64:58
164            android:name="com.razorpay.plugin.googlepay_all"
164-->[com.razorpay:checkout:1.6.19] AndroidManifest.xml:63:13-61
165            android:value="com.razorpay.RzpGpayMerged" /> <!-- Needs to be explicitly declared on P+ -->
165-->[com.razorpay:checkout:1.6.19] AndroidManifest.xml:64:13-55
166        <uses-library
166-->[com.google.android.gms:play-services-maps:18.0.2] AndroidManifest.xml:39:9-41:40
167            android:name="org.apache.http.legacy"
167-->[com.google.android.gms:play-services-maps:18.0.2] AndroidManifest.xml:40:13-50
168            android:required="false" />
168-->[com.google.android.gms:play-services-maps:18.0.2] AndroidManifest.xml:41:13-37
169
170        <activity
170-->[com.google.android.gms:play-services-auth:17.0.0] AndroidManifest.xml:23:9-27:75
171            android:name="com.google.android.gms.auth.api.signin.internal.SignInHubActivity"
171-->[com.google.android.gms:play-services-auth:17.0.0] AndroidManifest.xml:24:13-93
172            android:excludeFromRecents="true"
172-->[com.google.android.gms:play-services-auth:17.0.0] AndroidManifest.xml:25:13-46
173            android:exported="false"
173-->[com.google.android.gms:play-services-auth:17.0.0] AndroidManifest.xml:26:13-37
174            android:theme="@android:style/Theme.Translucent.NoTitleBar" />
174-->[com.google.android.gms:play-services-auth:17.0.0] AndroidManifest.xml:27:13-72
175        <!--
176            Service handling Google Sign-In user revocation. For apps that do not integrate with
177            Google Sign-In, this service will never be started.
178        -->
179        <service
179-->[com.google.android.gms:play-services-auth:17.0.0] AndroidManifest.xml:33:9-36:110
180            android:name="com.google.android.gms.auth.api.signin.RevocationBoundService"
180-->[com.google.android.gms:play-services-auth:17.0.0] AndroidManifest.xml:34:13-89
181            android:exported="true"
181-->[com.google.android.gms:play-services-auth:17.0.0] AndroidManifest.xml:35:13-36
182            android:permission="com.google.android.gms.auth.api.signin.permission.REVOCATION_NOTIFICATION" />
182-->[com.google.android.gms:play-services-auth:17.0.0] AndroidManifest.xml:36:13-107
183
184        <activity
184-->[com.google.android.gms:play-services-base:18.0.1] AndroidManifest.xml:20:9-22:45
185            android:name="com.google.android.gms.common.api.GoogleApiActivity"
185-->[com.google.android.gms:play-services-base:18.0.1] AndroidManifest.xml:20:19-85
186            android:exported="false"
186-->[com.google.android.gms:play-services-base:18.0.1] AndroidManifest.xml:22:19-43
187            android:theme="@android:style/Theme.Translucent.NoTitleBar" />
187-->[com.google.android.gms:play-services-base:18.0.1] AndroidManifest.xml:21:19-78
188
189        <meta-data
189-->[com.google.android.gms:play-services-basement:18.0.0] AndroidManifest.xml:21:9-23:69
190            android:name="com.google.android.gms.version"
190-->[com.google.android.gms:play-services-basement:18.0.0] AndroidManifest.xml:22:13-58
191            android:value="@integer/google_play_services_version" />
191-->[com.google.android.gms:play-services-basement:18.0.0] AndroidManifest.xml:23:13-66
192
193        <activity
193-->[com.facebook.android:facebook-common:5.15.3] AndroidManifest.xml:30:9-33:66
194            android:name="com.facebook.FacebookActivity"
194-->[com.facebook.android:facebook-common:5.15.3] AndroidManifest.xml:31:13-57
195            android:configChanges="keyboard|keyboardHidden|screenLayout|screenSize|orientation"
195-->[com.facebook.android:facebook-common:5.15.3] AndroidManifest.xml:32:13-96
196            android:theme="@style/com_facebook_activity_theme" />
196-->[com.facebook.android:facebook-common:5.15.3] AndroidManifest.xml:33:13-63
197        <activity android:name="com.facebook.CustomTabMainActivity" />
197-->[com.facebook.android:facebook-common:5.15.3] AndroidManifest.xml:34:9-71
197-->[com.facebook.android:facebook-common:5.15.3] AndroidManifest.xml:34:19-68
198        <activity
198-->[com.facebook.android:facebook-common:5.15.3] AndroidManifest.xml:35:9-49:20
199            android:name="com.facebook.CustomTabActivity"
199-->[com.facebook.android:facebook-common:5.15.3] AndroidManifest.xml:36:13-58
200            android:exported="true" >
200-->[com.facebook.android:facebook-common:5.15.3] AndroidManifest.xml:37:13-36
201            <intent-filter>
201-->[com.facebook.android:facebook-common:5.15.3] AndroidManifest.xml:39:13-48:29
202                <action android:name="android.intent.action.VIEW" />
202-->[:contacts_service] AndroidManifest.xml:17:13-65
202-->[:contacts_service] AndroidManifest.xml:17:21-62
203
204                <category android:name="android.intent.category.DEFAULT" />
204-->[com.facebook.android:facebook-common:5.15.3] AndroidManifest.xml:42:17-76
204-->[com.facebook.android:facebook-common:5.15.3] AndroidManifest.xml:42:27-73
205                <category android:name="android.intent.category.BROWSABLE" />
205-->[com.razorpay:checkout:1.6.19] AndroidManifest.xml:22:13-74
205-->[com.razorpay:checkout:1.6.19] AndroidManifest.xml:22:23-71
206
207                <data
207-->[:contacts_service] AndroidManifest.xml:19:13-22:44
208                    android:host="cct.com.flyweis.we_fast"
208-->[:contacts_service] AndroidManifest.xml:20:17-52
209                    android:scheme="fbconnect" />
209-->[:contacts_service] AndroidManifest.xml:22:17-41
210            </intent-filter>
211        </activity>
212        <!--
213         The initialization ContentProvider will call FacebookSdk.sdkInitialize automatically
214         with the application context. This config is merged in with the host app's manifest,
215         but there can only be one provider with the same authority activated at any given
216         point; so if the end user has two or more different apps that use Facebook SDK, only the
217         first one will be able to use the provider. To work around this problem, we use the
218         following placeholder in the authority to identify each host application as if it was
219         a completely different provider.
220        -->
221        <provider
221-->[com.facebook.android:facebook-core:5.15.3] AndroidManifest.xml:39:9-42:40
222            android:name="com.facebook.internal.FacebookInitProvider"
222-->[com.facebook.android:facebook-core:5.15.3] AndroidManifest.xml:40:13-70
223            android:authorities="com.flyweis.we_fast.FacebookInitProvider"
223-->[com.facebook.android:facebook-core:5.15.3] AndroidManifest.xml:41:13-72
224            android:exported="false" />
224-->[com.facebook.android:facebook-core:5.15.3] AndroidManifest.xml:42:13-37
225
226        <receiver
226-->[com.facebook.android:facebook-core:5.15.3] AndroidManifest.xml:44:9-50:20
227            android:name="com.facebook.CurrentAccessTokenExpirationBroadcastReceiver"
227-->[com.facebook.android:facebook-core:5.15.3] AndroidManifest.xml:45:13-86
228            android:exported="false" >
228-->[com.facebook.android:facebook-core:5.15.3] AndroidManifest.xml:46:13-37
229            <intent-filter>
229-->[com.facebook.android:facebook-core:5.15.3] AndroidManifest.xml:47:13-49:29
230                <action android:name="com.facebook.sdk.ACTION_CURRENT_ACCESS_TOKEN_CHANGED" />
230-->[com.facebook.android:facebook-core:5.15.3] AndroidManifest.xml:48:17-95
230-->[com.facebook.android:facebook-core:5.15.3] AndroidManifest.xml:48:25-92
231            </intent-filter>
232        </receiver>
233
234        <activity
234-->[com.twitter.sdk.android:tweet-ui:3.1.1] AndroidManifest.xml:28:9-31:49
235            android:name="com.twitter.sdk.android.tweetui.PlayerActivity"
235-->[com.twitter.sdk.android:tweet-ui:3.1.1] AndroidManifest.xml:29:13-74
236            android:configChanges="keyboardHidden|orientation|screenSize"
236-->[com.twitter.sdk.android:tweet-ui:3.1.1] AndroidManifest.xml:30:13-74
237            android:theme="@style/MediaTheme" />
237-->[com.twitter.sdk.android:tweet-ui:3.1.1] AndroidManifest.xml:31:13-46
238        <activity
238-->[com.twitter.sdk.android:tweet-ui:3.1.1] AndroidManifest.xml:32:9-34:49
239            android:name="com.twitter.sdk.android.tweetui.GalleryActivity"
239-->[com.twitter.sdk.android:tweet-ui:3.1.1] AndroidManifest.xml:33:13-75
240            android:theme="@style/MediaTheme" />
240-->[com.twitter.sdk.android:tweet-ui:3.1.1] AndroidManifest.xml:34:13-46
241        <activity
241-->[com.twitter.sdk.android:tweet-composer:3.1.1] AndroidManifest.xml:28:9-31:71
242            android:name="com.twitter.sdk.android.tweetcomposer.ComposerActivity"
242-->[com.twitter.sdk.android:tweet-composer:3.1.1] AndroidManifest.xml:29:13-82
243            android:exported="false"
243-->[com.twitter.sdk.android:tweet-composer:3.1.1] AndroidManifest.xml:30:13-37
244            android:windowSoftInputMode="adjustResize|stateVisible" />
244-->[com.twitter.sdk.android:tweet-composer:3.1.1] AndroidManifest.xml:31:13-68
245
246        <service
246-->[com.twitter.sdk.android:tweet-composer:3.1.1] AndroidManifest.xml:33:9-36:40
247            android:name="com.twitter.sdk.android.tweetcomposer.TweetUploadService"
247-->[com.twitter.sdk.android:tweet-composer:3.1.1] AndroidManifest.xml:34:13-84
248            android:enabled="true"
248-->[com.twitter.sdk.android:tweet-composer:3.1.1] AndroidManifest.xml:35:13-35
249            android:exported="false" />
249-->[com.twitter.sdk.android:tweet-composer:3.1.1] AndroidManifest.xml:36:13-37
250
251        <activity
251-->[com.twitter.sdk.android:twitter-core:3.1.1] AndroidManifest.xml:28:9-32:40
252            android:name="com.twitter.sdk.android.core.identity.OAuthActivity"
252-->[com.twitter.sdk.android:twitter-core:3.1.1] AndroidManifest.xml:29:13-79
253            android:configChanges="orientation|screenSize"
253-->[com.twitter.sdk.android:twitter-core:3.1.1] AndroidManifest.xml:30:13-59
254            android:excludeFromRecents="true"
254-->[com.twitter.sdk.android:twitter-core:3.1.1] AndroidManifest.xml:31:13-46
255            android:exported="false" />
255-->[com.twitter.sdk.android:twitter-core:3.1.1] AndroidManifest.xml:32:13-37
256    </application>
257
258</manifest>